<?xml version="1.0" encoding="UTF-8"?>
<!-- Generated by org.testng.reporters.JUnitReportReporter -->
<testsuite skipped="0" hostname="HPENVY" name="TestCases.ImplementCases" tests="1" failures="0" timestamp="27 Jan 2022 11:18:13 GMT" time="13.889" errors="0">
  <testcase name="firstCase" time="13.889" classname="TestCases.ImplementCases"/>
</testsuite> <!-- TestCases.ImplementCases -->
